<?xml version="1.0" encoding="UTF-8"?>
<testng-results skipped="0" failed="0" total="1" passed="1">
  <reporter-output>
  </reporter-output>
  <suite name="Suite" duration-ms="1727" started-at="2022-05-15T09:12:47Z" finished-at="2022-05-15T09:12:48Z">
    <groups>
    </groups>
    <test name="Test" duration-ms="1727" started-at="2022-05-15T09:12:47Z" finished-at="2022-05-15T09:12:48Z">
      <class name="restAssured.Oauth">
        <test-method status="PASS" signature="test()[pri:0, instance:restAssured.Oauth@4f970963]" name="test" duration-ms="1723" started-at="2022-05-15T09:12:47Z" finished-at="2022-05-15T09:12:48Z">
          <reporter-output>
          </reporter-output>
        </test-method> <!-- test -->
      </class> <!-- restAssured.Oauth -->
    </test> <!-- Test -->
  </suite> <!-- Suite -->
</testng-results>
