<?xml version="1.0" encoding="UTF-8"?>
<testsuite xmlns:xsi="http://www.w3.org/2001/XMLSchema-instance" xsi:noNamespaceSchemaLocation="https://maven.apache.org/surefire/maven-surefire-plugin/xsd/surefire-test-report-3.0.xsd" version="3.0" name="TestSuite" time="4.553" tests="1" errors="0" skipped="0" failures="0">
  <properties>
[...]
</properties>
  <testcase name="test" classname="restAssured.Oauth" time="3.514">
    <system-out><![CDATA[Request method:	POST
Request URI:	https://www.googleapis.com/oauth2/v4/token?code=4%2F0AX4XfWijLJZM2BVzbmqe_cwTdXynSd2fj1_pxiP4Mv8Jn6o6zBK3u1fNSB6hGVFI4kxJmw&client_id=692183103107-p0m7ent2hk7suguv4vq22hjcfhcr43pj.apps.googleusercontent.com&client_secret=erZOWM9g3UtwNRj340YYaK_W&redirect_uri=https://rahulshettyacademy.com/getCourse.php&grant_type=authorization_code
Proxy:			<none>
Request params:	<none>
Query params:	code=4%2F0AX4XfWijLJZM2BVzbmqe_cwTdXynSd2fj1_pxiP4Mv8Jn6o6zBK3u1fNSB6hGVFI4kxJmw
				client_id=692183103107-p0m7ent2hk7suguv4vq22hjcfhcr43pj.apps.googleusercontent.com
				client_secret=erZOWM9g3UtwNRj340YYaK_W
				redirect_uri=https://rahulshettyacademy.com/getCourse.php
				grant_type=authorization_code
Form params:	<none>
Path params:	<none>
Headers:		Accept=*/*
				Content-Type=application/x-www-form-urlencoded; charset=ISO-8859-1
Cookies:		<none>
Multiparts:		<none>
Body:			<none>
Request method:	POST
Request URI:	https://www.googleapis.com/oauth2/v4/token?code=4%2F0AX4XfWijLJZM2BVzbmqe_cwTdXynSd2fj1_pxiP4Mv8Jn6o6zBK3u1fNSB6hGVFI4kxJmw&client_id=692183103107-p0m7ent2hk7suguv4vq22hjcfhcr43pj.apps.googleusercontent.com&client_secret=erZOWM9g3UtwNRj340YYaK_W&redirect_uri=https://rahulshettyacademy.com/getCourse.php&grant_type=authorization_code
Proxy:			<none>
Request params:	<none>
Query params:	code=4%2F0AX4XfWijLJZM2BVzbmqe_cwTdXynSd2fj1_pxiP4Mv8Jn6o6zBK3u1fNSB6hGVFI4kxJmw
				client_id=692183103107-p0m7ent2hk7suguv4vq22hjcfhcr43pj.apps.googleusercontent.com
				client_secret=erZOWM9g3UtwNRj340YYaK_W
				redirect_uri=https://rahulshettyacademy.com/getCourse.php
				grant_type=authorization_code
Form params:	<none>
Path params:	<none>
Headers:		Accept=*/*
				Content-Type=application/x-www-form-urlencoded; charset=ISO-8859-1
Cookies:		<none>
Multiparts:		<none>
Body:			<none>
50
[Selenium Webdriver Java, Cypress, Protractor]
[Selenium Webdriver Java, Cypress, Protractor]
instructor :RahulShetty
url :rahulshettycademy.com
]]></system-out>
  </testcase>
</testsuite>