<?xml version="1.0" encoding="UTF-8"?>
<testng-results total="1" passed="1" failed="0" skipped="0">
  <reporter-output>
  </reporter-output>
  <suite started-at="2022-05-14T11:28:13Z" name="Suite" finished-at="2022-05-14T11:28:16Z" duration-ms="3523">
    <groups>
    </groups>
    <test started-at="2022-05-14T11:28:13Z" name="Test" finished-at="2022-05-14T11:28:16Z" duration-ms="3523">
      <class name="restAssured.Oauth">
        <test-method signature="test()[pri:0, instance:restAssured.Oauth@209da20d]" started-at="2022-05-14T16:58:13Z" name="test" finished-at="2022-05-14T16:58:16Z" duration-ms="3512" status="PASS">
          <reporter-output>
          </reporter-output>
        </test-method> <!-- test -->
      </class> <!-- restAssured.Oauth -->
    </test> <!-- Test -->
  </suite> <!-- Suite -->
</testng-results>
