<?xml version="1.0" encoding="UTF-8"?>
<testng-results ignored="0" total="1" passed="1" failed="0" skipped="0">
  <reporter-output>
  </reporter-output>
  <suite started-at="2022-05-15T14:45:24 IST" name="Default suite" finished-at="2022-05-15T14:45:28 IST" duration-ms="4222">
    <groups>
    </groups>
    <test started-at="2022-05-15T14:45:24 IST" name="Default test" finished-at="2022-05-15T14:45:28 IST" duration-ms="4222">
      <class name="restAssured.Oauth">
        <test-method signature="test()[pri:0, instance:restAssured.Oauth@76c3e77a]" started-at="2022-05-15T14:45:24 IST" name="test" finished-at="2022-05-15T14:45:28 IST" duration-ms="4191" status="PASS">
          <reporter-output>
          </reporter-output>
        </test-method> <!-- test -->
      </class> <!-- restAssured.Oauth -->
    </test> <!-- Default test -->
  </suite> <!-- Default suite -->
</testng-results>
